  [1m[35m (2348.1ms)[0m  [1m[35mCREATE DATABASE "Citoyens_Producteurs_development" ENCODING = 'unicode'[0m
  ↳ bin/rails:9
  [1m[35m (713.7ms)[0m  [1m[35mCREATE DATABASE "Citoyens_Producteurs_test" ENCODING = 'unicode'[0m
  ↳ bin/rails:9
  [1m[35m (144.7ms)[0m  [1m[35mCREATE TABLE "schema_migrations" ("version" character varying NOT NULL PRIMARY KEY)[0m
  ↳ bin/rails:9
  [1m[35m (98.3ms)[0m  [1m[35mCREATE TABLE "ar_internal_metadata" ("key" character varying NOT NULL PRIMARY KEY, "value" character varying, "created_at" timestamp NOT NULL, "updated_at" timestamp NOT NULL)[0m
  ↳ bin/rails:9
  [1m[35m (0.6ms)[0m  [1m[34mSELECT pg_try_advisory_lock(6508685959865398995)[0m
  ↳ bin/rails:9
  [1m[35m (0.7ms)[0m  [1m[34mSELECT "schema_migrations"."version" FROM "schema_migrations" ORDER BY "schema_migrations"."version" ASC[0m
  ↳ bin/rails:9
Migrating to DeviseCreateUsers (20191202121601)
  [1m[35m (0.3ms)[0m  [1m[35mBEGIN[0m
  ↳ bin/rails:9
  [1m[35m (80.4ms)[0m  [1m[35mCREATE TABLE "users" ("id" bigserial primary key, "email" character varying DEFAULT '' NOT NULL, "encrypted_password" character varying DEFAULT '' NOT NULL, "reset_password_token" character varying, "reset_password_sent_at" timestamp, "remember_created_at" timestamp, "created_at" timestamp NOT NULL, "updated_at" timestamp NOT NULL)[0m
  ↳ db/migrate/20191202121601_devise_create_users.rb:5
  [1m[35m (82.0ms)[0m  [1m[35mCREATE UNIQUE INDEX  "index_users_on_email" ON "users"  ("email")[0m
  ↳ db/migrate/20191202121601_devise_create_users.rb:39
  [1m[35m (75.2ms)[0m  [1m[35mCREATE UNIQUE INDEX  "index_users_on_reset_password_token" ON "users"  ("reset_password_token")[0m
  ↳ db/migrate/20191202121601_devise_create_users.rb:40
  [1m[36mActiveRecord::SchemaMigration Create (1.1ms)[0m  [1m[32mINSERT INTO "schema_migrations" ("version") VALUES ($1) RETURNING "version"[0m  [["version", "20191202121601"]]
  ↳ bin/rails:9
  [1m[35m (27.1ms)[0m  [1m[35mCOMMIT[0m
  ↳ bin/rails:9
Migrating to CreateAddresses (20191203120014)
  [1m[35m (0.5ms)[0m  [1m[35mBEGIN[0m
  ↳ bin/rails:9
  [1m[35m (129.2ms)[0m  [1m[35mCREATE TABLE "addresses" ("id" bigserial primary key, "place" character varying, "zip_code" character varying, "city" character varying, "sector" character varying, "created_at" timestamp NOT NULL, "updated_at" timestamp NOT NULL)[0m
  ↳ db/migrate/20191203120014_create_addresses.rb:3
  [1m[36mActiveRecord::SchemaMigration Create (1.0ms)[0m  [1m[32mINSERT INTO "schema_migrations" ("version") VALUES ($1) RETURNING "version"[0m  [["version", "20191203120014"]]
  ↳ bin/rails:9
  [1m[35m (17.0ms)[0m  [1m[35mCOMMIT[0m
  ↳ bin/rails:9
Migrating to CreateStores (20191203120309)
  [1m[35m (0.4ms)[0m  [1m[35mBEGIN[0m
  ↳ bin/rails:9
  [1m[35m (90.8ms)[0m  [1m[35mCREATE TABLE "stores" ("id" bigserial primary key, "name" character varying, "address_id" bigint, "created_at" timestamp NOT NULL, "updated_at" timestamp NOT NULL, CONSTRAINT "fk_rails_00cb1050af"
FOREIGN KEY ("address_id")
  REFERENCES "addresses" ("id")
)[0m
  ↳ db/migrate/20191203120309_create_stores.rb:3
  [1m[35m (47.1ms)[0m  [1m[35mCREATE  INDEX  "index_stores_on_address_id" ON "stores"  ("address_id")[0m
  ↳ db/migrate/20191203120309_create_stores.rb:3
  [1m[36mActiveRecord::SchemaMigration Create (0.4ms)[0m  [1m[32mINSERT INTO "schema_migrations" ("version") VALUES ($1) RETURNING "version"[0m  [["version", "20191203120309"]]
  ↳ bin/rails:9
  [1m[35m (8.3ms)[0m  [1m[35mCOMMIT[0m
  ↳ bin/rails:9
Migrating to CreateEventTypes (20191203120530)
  [1m[35m (0.4ms)[0m  [1m[35mBEGIN[0m
  ↳ bin/rails:9
  [1m[35m (75.0ms)[0m  [1m[35mCREATE TABLE "event_types" ("id" bigserial primary key, "name" character varying, "created_at" timestamp NOT NULL, "updated_at" timestamp NOT NULL)[0m
  ↳ db/migrate/20191203120530_create_event_types.rb:3
  [1m[36mActiveRecord::SchemaMigration Create (0.6ms)[0m  [1m[32mINSERT INTO "schema_migrations" ("version") VALUES ($1) RETURNING "version"[0m  [["version", "20191203120530"]]
  ↳ bin/rails:9
  [1m[35m (17.0ms)[0m  [1m[35mCOMMIT[0m
  ↳ bin/rails:9
Migrating to CreateEvents (20191203121043)
  [1m[35m (0.7ms)[0m  [1m[34mSELECT pg_advisory_unlock(6508685959865398995)[0m
  ↳ bin/rails:9
  [1m[35m (1.2ms)[0m  [1m[34mSELECT "schema_migrations"."version" FROM "schema_migrations" ORDER BY "schema_migrations"."version" ASC[0m
  ↳ bin/rails:9
